[+] Containers:
 |- [+] Container: /Game/FirstPerson/Maps/FirstPersonMap
 |   |- [+] ActorDescs:
 |   |   |- Guid:014139064B272AE31FF877B819CB5734 BaseClass: NativeClass:/Script/Engine.StaticMeshActor Name:StaticMeshActor_8 Label:SM_ChamferCube3 SpatiallyLoaded:1 Bounds:IsValid=true, Min=(X=257.548 Y=2127.548 Z=0.063), Max=(X=462.452 Y=2332.452 Z=150.063) RuntimeGrid:None EditorOnly:0 RuntimeOnly:0 HLODRelevant:0 FolderPath:SimulatedCubes FolderGuid:9AEEADCB4DC6C647D6E7C0B4EDA1744F
 |   |   |- Guid:019458724EF5E1F96342FFB4290CCD31 BaseClass: NativeClass:/Script/Engine.StaticMeshActor Name:StaticMeshActor_UAID_F4CE23B15A25FB6901_1778574226 Label:Box3 SpatiallyLoaded:1 Bounds:IsValid=true, Min=(X=940.000 Y=-310.000 Z=0.000), Max=(X=1140.000 Y=1390.000 Z=100.000) RuntimeGrid:None EditorOnly:0 RuntimeOnly:0 HLODRelevant:0 FolderPath:Road FolderGuid:C0B7D871440F8BAC093547B04E5FAED5
 |   |   |- Guid:0EDC64234EE5B45A910A51B2CF6A5033 BaseClass: NativeClass:/Script/Engine.StaticMeshActor Name:StaticMeshActor_UAID_F4CE23B15A25FB6901_2145175231 Label:Box6 SpatiallyLoaded:1 Bounds:IsValid=true, Min=(X=2007.162 Y=3381.207 Z=0.000), Max=(X=2952.838 Y=3738.793 Z=100.000) RuntimeGrid:None EditorOnly:0 RuntimeOnly:0 HLODRelevant:0 FolderPath:Road FolderGuid:C0B7D871440F8BAC093547B04E5FAED5
 |   |   |- Guid:0F0F0951487AA992034BD4B645BB198F BaseClass: NativeClass:/Script/Engine.StaticMeshActor Name:StaticMeshActor_UAID_F4CE23B15A25FB6901_1950355230 Label:Box5 SpatiallyLoaded:1 Bounds:IsValid=true, Min=(X=951.982 Y=3140.819 Z=0.000), Max=(X=2148.018 Y=3739.181 Z=100.000) RuntimeGrid:None EditorOnly:0 RuntimeOnly:0 HLODRelevant:0 FolderPath:Road FolderGuid:C0B7D871440F8BAC093547B04E5FAED5
 |   |   |- Guid:38CC54F4431A17FAD6523A89F67FC91B BaseClass: NativeClass:/Script/Engine.StaticMeshActor Name:StaticMeshActor_UAID_F4CE23B15A25FC6901_1157227409 Label:Box8 SpatiallyLoaded:1 Bounds:IsValid=true, Min=(X=1432.415 Y=3624.044 Z=0.000), Max=(X=2167.585 Y=5195.956 Z=100.000) RuntimeGrid:None EditorOnly:0 RuntimeOnly:0 HLODRelevant:0 FolderPath:Road FolderGuid:C0B7D871440F8BAC093547B04E5FAED5
 |   |   |- Guid:493E1ED44E31D5424DAD99BFEC64760F BaseClass: NativeClass:/Script/Engine.StaticMeshActor Name:StaticMeshActor_UAID_F4CE23B15A25FC6901_1543289416 Label:Box12 SpatiallyLoaded:1 Bounds:IsValid=true, Min=(X=1645.970 Y=2447.147 Z=0.000), Max=(X=2114.030 Y=2832.853 Z=100.000) RuntimeGrid:None EditorOnly:0 RuntimeOnly:0 HLODRelevant:0 FolderPath:Road FolderGuid:C0B7D871440F8BAC093547B04E5FAED5
 |   |   |- Guid:5CACCBB84E59118B324F69BF1B46673D BaseClass: NativeClass:/Script/Engine.StaticMeshActor Name:StaticMeshActor_UAID_F4CE23B15A25FC6901_1473541414 Label:Cylinder SpatiallyLoaded:1 Bounds:IsValid=true, Min=(X=1892.496 Y=2192.352 Z=0.000), Max=(X=2407.504 Y=2707.648 Z=99.567) RuntimeGrid:None EditorOnly:0 RuntimeOnly:0 HLODRelevant:0 FolderPath:Road FolderGuid:C0B7D871440F8BAC093547B04E5FAED5
 |   |   |- Guid:5FE7584649BB6F09265329A6C57CFD0D BaseClass: NativeClass:/Script/Engine.VolumetricCloud Name:VolumetricCloud_0 Label:VolumetricCloud SpatiallyLoaded:0 Bounds:IsValid=true, Min=(X=0.000 Y=0.000 Z=820.000), Max=(X=0.000 Y=0.000 Z=820.000) RuntimeGrid:None EditorOnly:0 RuntimeOnly:0 HLODRelevant:0 FolderPath:Lighting FolderGuid:0BA5F0A04EADB18E70D5B180D08FA34B
 |   |   |- Guid:61391D344900612A77DFC3BA3E354907 BaseClass: NativeClass:/Script/Engine.ExponentialHeightFog Name:ExponentialHeightFog_0 Label:ExponentialHeightFog SpatiallyLoaded:0 Bounds:IsValid=true, Min=(X=-5600.000 Y=-50.000 Z=-6850.000), Max=(X=-5600.000 Y=-50.000 Z=-6850.000) RuntimeGrid:None EditorOnly:0 RuntimeOnly:0 HLODRelevant:0 FolderPath:Lighting FolderGuid:0BA5F0A04EADB18E70D5B180D08FA34B
 |   |   |- Guid:6FEFB3BD4EB37B849EF0D4AC80F83855 BaseClass: NativeClass:/Script/Engine.WorldDataLayers Name:WorldDataLayers Label:WorldDataLayers SpatiallyLoaded:0 Bounds:IsValid=true, Min=(X=0.000 Y=0.000 Z=0.000), Max=(X=0.000 Y=0.000 Z=0.000) RuntimeGrid:None EditorOnly:0 RuntimeOnly:0 HLODRelevant:0
 |   |   |- Guid:7221DAFB40240638E7B422AA0B68AE1D BaseClass: NativeClass:/Script/Engine.StaticMeshActor Name:StaticMeshActor_UAID_F4CE23B15A25FC6901_1545757417 Label:Box13 SpatiallyLoaded:1 Bounds:IsValid=true, Min=(X=1205.636 Y=2447.700 Z=0.000), Max=(X=1814.364 Y=2832.300 Z=100.000) RuntimeGrid:None EditorOnly:0 RuntimeOnly:0 HLODRelevant:0 FolderPath:Road FolderGuid:C0B7D871440F8BAC093547B04E5FAED5
 |   |   |- Guid:78CAF7514C7533F30BD2F19A017AAB65 BaseClass: NativeClass:/Script/Engine.StaticMeshActor Name:StaticMeshActor_0 Label:Floor Plane SpatiallyLoaded:1 Bounds:IsValid=true, Min=(X=0.000 Y=0.000 Z=-50.000), Max=(X=3000.000 Y=3500.000 Z=0.000) RuntimeGrid:None EditorOnly:0 RuntimeOnly:0 HLODRelevant:1 FolderPath:Playground FolderGuid:6C02BB504B69D1F3D7A624B130C18E5B
 |   |   |- Guid:7CDACFA14EA594ECCFD7AEB58B4C54CE BaseClass: NativeClass:/Script/Engine.StaticMeshActor Name:StaticMeshActor_UAID_F4CE23B15A25FB6901_1681924223 Label:Box SpatiallyLoaded:1 Bounds:IsValid=true, Min=(X=598.725 Y=1424.513 Z=0.000), Max=(X=1821.275 Y=4335.487 Z=100.000) RuntimeGrid:None EditorOnly:0 RuntimeOnly:0 HLODRelevant:0 FolderPath:Road FolderGuid:C0B7D871440F8BAC093547B04E5FAED5
 |   |   |- Guid:8494358E41502B676B6D36889A55857C BaseClass: NativeClass:/Script/Engine.StaticMeshActor Name:StaticMeshActor_UAID_F4CE23B15A25FB6901_1733091225 Label:Box2 SpatiallyLoaded:1 Bounds:IsValid=true, Min=(X=1405.549 Y=1103.918 Z=0.000), Max=(X=3114.451 Y=1596.082 Z=100.000) RuntimeGrid:None EditorOnly:0 RuntimeOnly:0 HLODRelevant:0 FolderPath:Road FolderGuid:C0B7D871440F8BAC093547B04E5FAED5
 |   |   |- Guid:8B5C56EE4160877239CD25AF95AB8B25 BaseClass: NativeClass:/Script/Engine.StaticMeshActor Name:StaticMeshActor_UAID_F4CE23B15A25FC6901_1234264411 Label:Box10 SpatiallyLoaded:1 Bounds:IsValid=true, Min=(X=2289.367 Y=2487.147 Z=0.000), Max=(X=2930.633 Y=2972.853 Z=100.000) RuntimeGrid:None EditorOnly:0 RuntimeOnly:0 HLODRelevant:0 FolderPath:Road FolderGuid:C0B7D871440F8BAC093547B04E5FAED5
 |   |   |- Guid:904DA5304860083CD1EF92ADC721CF4A BaseClass: NativeClass:/Script/Engine.StaticMeshActor Name:StaticMeshActor_UAID_F4CE23B15A25FB6901_1890366229 Label:Box4 SpatiallyLoaded:1 Bounds:IsValid=true, Min=(X=940.000 Y=1390.000 Z=0.000), Max=(X=1440.000 Y=1590.000 Z=100.000) RuntimeGrid:None EditorOnly:0 RuntimeOnly:0 HLODRelevant:0 FolderPath:Road FolderGuid:C0B7D871440F8BAC093547B04E5FAED5
 |   |   |- Guid:9C9594534B8818DB507AADBEF4D888A9 BaseClass: NativeClass:/Script/Engine.StaticMeshActor Name:StaticMeshActor_UAID_F4CE23B15A25FC6901_1129786408 Label:Box7 SpatiallyLoaded:1 Bounds:IsValid=true, Min=(X=2907.500 Y=3380.000 Z=0.000), Max=(X=3832.500 Y=3580.000 Z=100.000) RuntimeGrid:None EditorOnly:0 RuntimeOnly:0 HLODRelevant:0 FolderPath:Road FolderGuid:C0B7D871440F8BAC093547B04E5FAED5
 |   |   |- Guid:9D2855724FB2CF041ADC22957D6596CB BaseClass: NativeClass:/Script/Engine.StaticMeshActor Name:StaticMeshActor_UAID_F4CE23B15A25FC6901_1541473415 Label:Box11 SpatiallyLoaded:1 Bounds:IsValid=true, Min=(X=1538.420 Y=1727.606 Z=0.000), Max=(X=2141.580 Y=2392.394 Z=100.000) RuntimeGrid:None EditorOnly:0 RuntimeOnly:0 HLODRelevant:0 FolderPath:Road FolderGuid:C0B7D871440F8BAC093547B04E5FAED5
 |   |   |- Guid:A354B1B24E617A525DC6B48CCDE2417E BaseClass: NativeClass:/Script/Engine.PlayerStart Name:PlayerStart_0 Label:PlayerStart SpatiallyLoaded:0 Bounds:IsValid=true, Min=(X=860.000 Y=810.000 Z=0.013), Max=(X=940.000 Y=890.000 Z=184.013) RuntimeGrid:None EditorOnly:0 RuntimeOnly:0 HLODRelevant:0
 |   |   |- Guid:AB86CE7D463BB0F52787D68249D88FBA BaseClass: NativeClass:/Script/Engine.StaticMeshActor Name:StaticMeshActor_UAID_F4CE23B15A25FC6901_1217659410 Label:Box9 SpatiallyLoaded:1 Bounds:IsValid=true, Min=(X=2730.000 Y=2820.000 Z=0.000), Max=(X=2930.000 Y=3520.000 Z=100.000) RuntimeGrid:None EditorOnly:0 RuntimeOnly:0 HLODRelevant:0 FolderPath:Road FolderGuid:C0B7D871440F8BAC093547B04E5FAED5
 |   |   |- Guid:C0C56B9644AE3D40CAFF6A878DB29844 BaseClass: NativeClass:/Script/Engine.StaticMeshActor Name:StaticMeshActor_UAID_A4AE111137DC5EFB00_2001720423 Label:SM_SkySphere SpatiallyLoaded:0 Bounds:IsValid=true, Min=(X=-1638400.000 Y=-1638400.000 Z=-1638400.000), Max=(X=1638400.000 Y=1638400.000 Z=1638400.000) RuntimeGrid:None EditorOnly:0 RuntimeOnly:0 HLODRelevant:1 FolderPath:Lighting FolderGuid:0BA5F0A04EADB18E70D5B180D08FA34B
 |   |   |- Guid:C22CE07C4B87D685137FDBBC10FC92C6 BaseClass: NativeClass:/Script/Engine.SkyAtmosphere Name:SkyAtmosphere_0 Label:SkyAtmosphere SpatiallyLoaded:0 Bounds:IsValid=true, Min=(X=0.000 Y=0.000 Z=1020.000), Max=(X=0.000 Y=0.000 Z=1020.000) RuntimeGrid:None EditorOnly:0 RuntimeOnly:0 HLODRelevant:0 FolderPath:Lighting FolderGuid:0BA5F0A04EADB18E70D5B180D08FA34B
 |   |   |- Guid:CE8D82634660FCDB3120E2B8D547C533 BaseClass: NativeClass:/Script/Engine.PostProcessVolume Name:PostProcessVolume_0 Label:PostProcessVolume SpatiallyLoaded:0 Bounds:IsValid=true, Min=(X=0.000 Y=0.000 Z=400.000), Max=(X=200.000 Y=200.000 Z=600.000) RuntimeGrid:None EditorOnly:0 RuntimeOnly:0 HLODRelevant:0 FolderPath:Lighting FolderGuid:0BA5F0A04EADB18E70D5B180D08FA34B
 |   |   |- Guid:E5320C1B4FD9764CE7B54D8487AEC613 BaseClass: NativeClass:/Script/Engine.SkyLight Name:SkyLight_0 Label:SkyLight SpatiallyLoaded:0 Bounds:IsValid=true, Min=(X=0.000 Y=0.000 Z=690.000), Max=(X=0.000 Y=0.000 Z=690.000) RuntimeGrid:None EditorOnly:0 RuntimeOnly:0 HLODRelevant:0 FolderPath:Lighting FolderGuid:0BA5F0A04EADB18E70D5B180D08FA34B
 |   |   |- Guid:EE66F4454A4A9F99393F559AB739C05E BaseClass:/Game/FirstPerson/Blueprints/BP_Pickup_Rifle.BP_Pickup_Rifle_C NativeClass:/Script/Engine.Actor Name:BP_Rifle_C_1 Label:BP_Pickup_Rifle SpatiallyLoaded:1 Bounds:IsValid=true, Min=(X=1378.000 Y=818.000 Z=64.000), Max=(X=1442.000 Y=907.440 Z=128.000) RuntimeGrid:None EditorOnly:0 RuntimeOnly:0 HLODRelevant:0
 |   |   |- Guid:F80621C9446867154938FE81375207DA BaseClass: NativeClass:/Script/Engine.DirectionalLight Name:DirectionalLight_1 Label:DirectionalLight SpatiallyLoaded:0 Bounds:IsValid=true, Min=(X=-1048576.000 Y=-1048576.000 Z=-1048576.000), Max=(X=1048576.000 Y=1048576.000 Z=1048576.000) RuntimeGrid:None EditorOnly:0 RuntimeOnly:0 HLODRelevant:0 FolderPath:Lighting FolderGuid:0BA5F0A04EADB18E70D5B180D08FA34B
 |   |- [+] Clusters:
 |   |   |- [+] [  0]
 |   |   |   |- Guid:61391D344900612A77DFC3BA3E354907 BaseClass: NativeClass:/Script/Engine.ExponentialHeightFog Name:ExponentialHeightFog_0 Label:ExponentialHeightFog SpatiallyLoaded:0 Bounds:IsValid=true, Min=(X=-5600.000 Y=-50.000 Z=-6850.000), Max=(X=-5600.000 Y=-50.000 Z=-6850.000) RuntimeGrid:None EditorOnly:0 RuntimeOnly:0 HLODRelevant:0 FolderPath:Lighting FolderGuid:0BA5F0A04EADB18E70D5B180D08FA34B
 |   |   |- [+] [  1]
 |   |   |   |- Guid:5FE7584649BB6F09265329A6C57CFD0D BaseClass: NativeClass:/Script/Engine.VolumetricCloud Name:VolumetricCloud_0 Label:VolumetricCloud SpatiallyLoaded:0 Bounds:IsValid=true, Min=(X=0.000 Y=0.000 Z=820.000), Max=(X=0.000 Y=0.000 Z=820.000) RuntimeGrid:None EditorOnly:0 RuntimeOnly:0 HLODRelevant:0 FolderPath:Lighting FolderGuid:0BA5F0A04EADB18E70D5B180D08FA34B
 |   |   |- [+] [  2]
 |   |   |   |- Guid:F80621C9446867154938FE81375207DA BaseClass: NativeClass:/Script/Engine.DirectionalLight Name:DirectionalLight_1 Label:DirectionalLight SpatiallyLoaded:0 Bounds:IsValid=true, Min=(X=-1048576.000 Y=-1048576.000 Z=-1048576.000), Max=(X=1048576.000 Y=1048576.000 Z=1048576.000) RuntimeGrid:None EditorOnly:0 RuntimeOnly:0 HLODRelevant:0 FolderPath:Lighting FolderGuid:0BA5F0A04EADB18E70D5B180D08FA34B
 |   |   |- [+] [  3]
 |   |   |   |- Guid:EE66F4454A4A9F99393F559AB739C05E BaseClass:/Game/FirstPerson/Blueprints/BP_Pickup_Rifle.BP_Pickup_Rifle_C NativeClass:/Script/Engine.Actor Name:BP_Rifle_C_1 Label:BP_Pickup_Rifle SpatiallyLoaded:1 Bounds:IsValid=true, Min=(X=1378.000 Y=818.000 Z=64.000), Max=(X=1442.000 Y=907.440 Z=128.000) RuntimeGrid:None EditorOnly:0 RuntimeOnly:0 HLODRelevant:0
 |   |   |- [+] [  4]
 |   |   |   |- Guid:E5320C1B4FD9764CE7B54D8487AEC613 BaseClass: NativeClass:/Script/Engine.SkyLight Name:SkyLight_0 Label:SkyLight SpatiallyLoaded:0 Bounds:IsValid=true, Min=(X=0.000 Y=0.000 Z=690.000), Max=(X=0.000 Y=0.000 Z=690.000) RuntimeGrid:None EditorOnly:0 RuntimeOnly:0 HLODRelevant:0 FolderPath:Lighting FolderGuid:0BA5F0A04EADB18E70D5B180D08FA34B
 |   |   |- [+] [  5]
 |   |   |   |- Guid:78CAF7514C7533F30BD2F19A017AAB65 BaseClass: NativeClass:/Script/Engine.StaticMeshActor Name:StaticMeshActor_0 Label:Floor Plane SpatiallyLoaded:1 Bounds:IsValid=true, Min=(X=0.000 Y=0.000 Z=-50.000), Max=(X=3000.000 Y=3500.000 Z=0.000) RuntimeGrid:None EditorOnly:0 RuntimeOnly:0 HLODRelevant:1 FolderPath:Playground FolderGuid:6C02BB504B69D1F3D7A624B130C18E5B
 |   |   |- [+] [  6]
 |   |   |   |- Guid:014139064B272AE31FF877B819CB5734 BaseClass: NativeClass:/Script/Engine.StaticMeshActor Name:StaticMeshActor_8 Label:SM_ChamferCube3 SpatiallyLoaded:1 Bounds:IsValid=true, Min=(X=257.548 Y=2127.548 Z=0.063), Max=(X=462.452 Y=2332.452 Z=150.063) RuntimeGrid:None EditorOnly:0 RuntimeOnly:0 HLODRelevant:0 FolderPath:SimulatedCubes FolderGuid:9AEEADCB4DC6C647D6E7C0B4EDA1744F
 |   |   |- [+] [  7]
 |   |   |   |- Guid:A354B1B24E617A525DC6B48CCDE2417E BaseClass: NativeClass:/Script/Engine.PlayerStart Name:PlayerStart_0 Label:PlayerStart SpatiallyLoaded:0 Bounds:IsValid=true, Min=(X=860.000 Y=810.000 Z=0.013), Max=(X=940.000 Y=890.000 Z=184.013) RuntimeGrid:None EditorOnly:0 RuntimeOnly:0 HLODRelevant:0
 |   |   |- [+] [  8]
 |   |   |   |- Guid:7221DAFB40240638E7B422AA0B68AE1D BaseClass: NativeClass:/Script/Engine.StaticMeshActor Name:StaticMeshActor_UAID_F4CE23B15A25FC6901_1545757417 Label:Box13 SpatiallyLoaded:1 Bounds:IsValid=true, Min=(X=1205.636 Y=2447.700 Z=0.000), Max=(X=1814.364 Y=2832.300 Z=100.000) RuntimeGrid:None EditorOnly:0 RuntimeOnly:0 HLODRelevant:0 FolderPath:Road FolderGuid:C0B7D871440F8BAC093547B04E5FAED5
 |   |   |- [+] [  9]
 |   |   |   |- Guid:493E1ED44E31D5424DAD99BFEC64760F BaseClass: NativeClass:/Script/Engine.StaticMeshActor Name:StaticMeshActor_UAID_F4CE23B15A25FC6901_1543289416 Label:Box12 SpatiallyLoaded:1 Bounds:IsValid=true, Min=(X=1645.970 Y=2447.147 Z=0.000), Max=(X=2114.030 Y=2832.853 Z=100.000) RuntimeGrid:None EditorOnly:0 RuntimeOnly:0 HLODRelevant:0 FolderPath:Road FolderGuid:C0B7D871440F8BAC093547B04E5FAED5
 |   |   |- [+] [ 10]
 |   |   |   |- Guid:9D2855724FB2CF041ADC22957D6596CB BaseClass: NativeClass:/Script/Engine.StaticMeshActor Name:StaticMeshActor_UAID_F4CE23B15A25FC6901_1541473415 Label:Box11 SpatiallyLoaded:1 Bounds:IsValid=true, Min=(X=1538.420 Y=1727.606 Z=0.000), Max=(X=2141.580 Y=2392.394 Z=100.000) RuntimeGrid:None EditorOnly:0 RuntimeOnly:0 HLODRelevant:0 FolderPath:Road FolderGuid:C0B7D871440F8BAC093547B04E5FAED5
 |   |   |- [+] [ 11]
 |   |   |   |- Guid:5CACCBB84E59118B324F69BF1B46673D BaseClass: NativeClass:/Script/Engine.StaticMeshActor Name:StaticMeshActor_UAID_F4CE23B15A25FC6901_1473541414 Label:Cylinder SpatiallyLoaded:1 Bounds:IsValid=true, Min=(X=1892.496 Y=2192.352 Z=0.000), Max=(X=2407.504 Y=2707.648 Z=99.567) RuntimeGrid:None EditorOnly:0 RuntimeOnly:0 HLODRelevant:0 FolderPath:Road FolderGuid:C0B7D871440F8BAC093547B04E5FAED5
 |   |   |- [+] [ 12]
 |   |   |   |- Guid:8B5C56EE4160877239CD25AF95AB8B25 BaseClass: NativeClass:/Script/Engine.StaticMeshActor Name:StaticMeshActor_UAID_F4CE23B15A25FC6901_1234264411 Label:Box10 SpatiallyLoaded:1 Bounds:IsValid=true, Min=(X=2289.367 Y=2487.147 Z=0.000), Max=(X=2930.633 Y=2972.853 Z=100.000) RuntimeGrid:None EditorOnly:0 RuntimeOnly:0 HLODRelevant:0 FolderPath:Road FolderGuid:C0B7D871440F8BAC093547B04E5FAED5
 |   |   |- [+] [ 13]
 |   |   |   |- Guid:AB86CE7D463BB0F52787D68249D88FBA BaseClass: NativeClass:/Script/Engine.StaticMeshActor Name:StaticMeshActor_UAID_F4CE23B15A25FC6901_1217659410 Label:Box9 SpatiallyLoaded:1 Bounds:IsValid=true, Min=(X=2730.000 Y=2820.000 Z=0.000), Max=(X=2930.000 Y=3520.000 Z=100.000) RuntimeGrid:None EditorOnly:0 RuntimeOnly:0 HLODRelevant:0 FolderPath:Road FolderGuid:C0B7D871440F8BAC093547B04E5FAED5
 |   |   |- [+] [ 14]
 |   |   |   |- Guid:38CC54F4431A17FAD6523A89F67FC91B BaseClass: NativeClass:/Script/Engine.StaticMeshActor Name:StaticMeshActor_UAID_F4CE23B15A25FC6901_1157227409 Label:Box8 SpatiallyLoaded:1 Bounds:IsValid=true, Min=(X=1432.415 Y=3624.044 Z=0.000), Max=(X=2167.585 Y=5195.956 Z=100.000) RuntimeGrid:None EditorOnly:0 RuntimeOnly:0 HLODRelevant:0 FolderPath:Road FolderGuid:C0B7D871440F8BAC093547B04E5FAED5
 |   |   |- [+] [ 15]
 |   |   |   |- Guid:9C9594534B8818DB507AADBEF4D888A9 BaseClass: NativeClass:/Script/Engine.StaticMeshActor Name:StaticMeshActor_UAID_F4CE23B15A25FC6901_1129786408 Label:Box7 SpatiallyLoaded:1 Bounds:IsValid=true, Min=(X=2907.500 Y=3380.000 Z=0.000), Max=(X=3832.500 Y=3580.000 Z=100.000) RuntimeGrid:None EditorOnly:0 RuntimeOnly:0 HLODRelevant:0 FolderPath:Road FolderGuid:C0B7D871440F8BAC093547B04E5FAED5
 |   |   |- [+] [ 16]
 |   |   |   |- Guid:0EDC64234EE5B45A910A51B2CF6A5033 BaseClass: NativeClass:/Script/Engine.StaticMeshActor Name:StaticMeshActor_UAID_F4CE23B15A25FB6901_2145175231 Label:Box6 SpatiallyLoaded:1 Bounds:IsValid=true, Min=(X=2007.162 Y=3381.207 Z=0.000), Max=(X=2952.838 Y=3738.793 Z=100.000) RuntimeGrid:None EditorOnly:0 RuntimeOnly:0 HLODRelevant:0 FolderPath:Road FolderGuid:C0B7D871440F8BAC093547B04E5FAED5
 |   |   |- [+] [ 17]
 |   |   |   |- Guid:0F0F0951487AA992034BD4B645BB198F BaseClass: NativeClass:/Script/Engine.StaticMeshActor Name:StaticMeshActor_UAID_F4CE23B15A25FB6901_1950355230 Label:Box5 SpatiallyLoaded:1 Bounds:IsValid=true, Min=(X=951.982 Y=3140.819 Z=0.000), Max=(X=2148.018 Y=3739.181 Z=100.000) RuntimeGrid:None EditorOnly:0 RuntimeOnly:0 HLODRelevant:0 FolderPath:Road FolderGuid:C0B7D871440F8BAC093547B04E5FAED5
 |   |   |- [+] [ 18]
 |   |   |   |- Guid:904DA5304860083CD1EF92ADC721CF4A BaseClass: NativeClass:/Script/Engine.StaticMeshActor Name:StaticMeshActor_UAID_F4CE23B15A25FB6901_1890366229 Label:Box4 SpatiallyLoaded:1 Bounds:IsValid=true, Min=(X=940.000 Y=1390.000 Z=0.000), Max=(X=1440.000 Y=1590.000 Z=100.000) RuntimeGrid:None EditorOnly:0 RuntimeOnly:0 HLODRelevant:0 FolderPath:Road FolderGuid:C0B7D871440F8BAC093547B04E5FAED5
 |   |   |- [+] [ 19]
 |   |   |   |- Guid:019458724EF5E1F96342FFB4290CCD31 BaseClass: NativeClass:/Script/Engine.StaticMeshActor Name:StaticMeshActor_UAID_F4CE23B15A25FB6901_1778574226 Label:Box3 SpatiallyLoaded:1 Bounds:IsValid=true, Min=(X=940.000 Y=-310.000 Z=0.000), Max=(X=1140.000 Y=1390.000 Z=100.000) RuntimeGrid:None EditorOnly:0 RuntimeOnly:0 HLODRelevant:0 FolderPath:Road FolderGuid:C0B7D871440F8BAC093547B04E5FAED5
 |   |   |- [+] [ 20]
 |   |   |   |- Guid:C22CE07C4B87D685137FDBBC10FC92C6 BaseClass: NativeClass:/Script/Engine.SkyAtmosphere Name:SkyAtmosphere_0 Label:SkyAtmosphere SpatiallyLoaded:0 Bounds:IsValid=true, Min=(X=0.000 Y=0.000 Z=1020.000), Max=(X=0.000 Y=0.000 Z=1020.000) RuntimeGrid:None EditorOnly:0 RuntimeOnly:0 HLODRelevant:0 FolderPath:Lighting FolderGuid:0BA5F0A04EADB18E70D5B180D08FA34B
 |   |   |- [+] [ 21]
 |   |   |   |- Guid:C0C56B9644AE3D40CAFF6A878DB29844 BaseClass: NativeClass:/Script/Engine.StaticMeshActor Name:StaticMeshActor_UAID_A4AE111137DC5EFB00_2001720423 Label:SM_SkySphere SpatiallyLoaded:0 Bounds:IsValid=true, Min=(X=-1638400.000 Y=-1638400.000 Z=-1638400.000), Max=(X=1638400.000 Y=1638400.000 Z=1638400.000) RuntimeGrid:None EditorOnly:0 RuntimeOnly:0 HLODRelevant:1 FolderPath:Lighting FolderGuid:0BA5F0A04EADB18E70D5B180D08FA34B
 |   |   |- [+] [ 22]
 |   |   |   |- Guid:6FEFB3BD4EB37B849EF0D4AC80F83855 BaseClass: NativeClass:/Script/Engine.WorldDataLayers Name:WorldDataLayers Label:WorldDataLayers SpatiallyLoaded:0 Bounds:IsValid=true, Min=(X=0.000 Y=0.000 Z=0.000), Max=(X=0.000 Y=0.000 Z=0.000) RuntimeGrid:None EditorOnly:0 RuntimeOnly:0 HLODRelevant:0
 |   |   |- [+] [ 23]
 |   |   |   |- Guid:CE8D82634660FCDB3120E2B8D547C533 BaseClass: NativeClass:/Script/Engine.PostProcessVolume Name:PostProcessVolume_0 Label:PostProcessVolume SpatiallyLoaded:0 Bounds:IsValid=true, Min=(X=0.000 Y=0.000 Z=400.000), Max=(X=200.000 Y=200.000 Z=600.000) RuntimeGrid:None EditorOnly:0 RuntimeOnly:0 HLODRelevant:0 FolderPath:Lighting FolderGuid:0BA5F0A04EADB18E70D5B180D08FA34B
 |   |   |- [+] [ 24]
 |   |   |   |- Guid:8494358E41502B676B6D36889A55857C BaseClass: NativeClass:/Script/Engine.StaticMeshActor Name:StaticMeshActor_UAID_F4CE23B15A25FB6901_1733091225 Label:Box2 SpatiallyLoaded:1 Bounds:IsValid=true, Min=(X=1405.549 Y=1103.918 Z=0.000), Max=(X=3114.451 Y=1596.082 Z=100.000) RuntimeGrid:None EditorOnly:0 RuntimeOnly:0 HLODRelevant:0 FolderPath:Road FolderGuid:C0B7D871440F8BAC093547B04E5FAED5
 |   |   |- [+] [ 25]
 |   |   |   |- Guid:7CDACFA14EA594ECCFD7AEB58B4C54CE BaseClass: NativeClass:/Script/Engine.StaticMeshActor Name:StaticMeshActor_UAID_F4CE23B15A25FB6901_1681924223 Label:Box SpatiallyLoaded:1 Bounds:IsValid=true, Min=(X=598.725 Y=1424.513 Z=0.000), Max=(X=1821.275 Y=4335.487 Z=100.000) RuntimeGrid:None EditorOnly:0 RuntimeOnly:0 HLODRelevant:0 FolderPath:Road FolderGuid:C0B7D871440F8BAC093547B04E5FAED5
 |- ContainerInstances:
 |- [+] MainContainer:
 |   |-        ID: 0x0000000000000000
 |   |-    Bounds: IsValid=false, Min=(X=0.000 Y=0.000 Z=0.000), Max=(X=0.000 Y=0.000 Z=0.000)
 |   |- Transform: 0.000000,0.000000,0.000000|0.000000,0.000000,-0.000000|1.000000,1.000000,1.000000
 |   |- Container: /Game/FirstPerson/Maps/FirstPersonMap
----------------------------------------------------------------------------------------------------------------
FirstPersonMap - Persistent Level
----------------------------------------------------------------------------------------------------------------
Always loaded Actor Count: 33 

----------------------------------------------------------------------------------------------------------------
FirstPersonMap - Runtime Spatial Hash - Streaming Grid - MainGrid
----------------------------------------------------------------------------------------------------------------
            Origin: X=0.000 Y=0.000 Z=0.000
         Cell Size: 12800
      World Bounds: IsValid=false, Min=(X=0.000 Y=0.000 Z=0.000), Max=(X=0.000 Y=0.000 Z=0.000)
     Loading Range: 25600.00
Block Slow Loading: No
 ClientOnlyVisible: No

[+] Grid Levels: 1
 |- Level  0: Cell Count    0 | Cell Size   12800 | Actor Count    0 (0.0%)

[+] Content of Grid Level 0

