[+] Containers:
 |- [+] Container: /Game/FirstPerson/Maps/FirstPersonMap
 |   |- [+] ActorDescs:
 |   |   |- Guid:014139064B272AE31FF877B819CB5734 BaseClass: NativeClass:/Script/Engine.StaticMeshActor Name:StaticMeshActor_8 Label:SM_ChamferCube3 SpatiallyLoaded:1 Bounds:IsValid=true, Min=(X=257.548 Y=2127.548 Z=0.063), Max=(X=462.452 Y=2332.452 Z=150.063) RuntimeGrid:None EditorOnly:0 RuntimeOnly:0 HLODRelevant:0 FolderPath:SimulatedCubes FolderGuid:9AEEADCB4DC6C647D6E7C0B4EDA1744F
 |   |   |- Guid:019458724EF5E1F96342FFB4290CCD31 BaseClass: NativeClass:/Script/Engine.StaticMeshActor Name:StaticMeshActor_UAID_F4CE23B15A25FB6901_1778574226 Label:Box3 SpatiallyLoaded:1 Bounds:IsValid=true, Min=(X=940.000 Y=-310.000 Z=0.000), Max=(X=1140.000 Y=1390.000 Z=30.000) RuntimeGrid:None EditorOnly:0 RuntimeOnly:0 HLODRelevant:0 FolderPath:Road FolderGuid:C0B7D871440F8BAC093547B04E5FAED5
 |   |   |- Guid:0EDC64234EE5B45A910A51B2CF6A5033 BaseClass: NativeClass:/Script/Engine.StaticMeshActor Name:StaticMeshActor_UAID_F4CE23B15A25FB6901_2145175231 Label:Box6 SpatiallyLoaded:1 Bounds:IsValid=true, Min=(X=2007.162 Y=3381.207 Z=330.000), Max=(X=2952.838 Y=3738.793 Z=360.000) RuntimeGrid:None EditorOnly:0 RuntimeOnly:0 HLODRelevant:0 FolderPath:Road FolderGuid:C0B7D871440F8BAC093547B04E5FAED5
 |   |   |- Guid:0F0F0951487AA992034BD4B645BB198F BaseClass: NativeClass:/Script/Engine.StaticMeshActor Name:StaticMeshActor_UAID_F4CE23B15A25FB6901_1950355230 Label:Box5 SpatiallyLoaded:1 Bounds:IsValid=true, Min=(X=873.353 Y=3334.613 Z=180.143), Max=(X=1676.386 Y=3760.491 Z=527.620) RuntimeGrid:None EditorOnly:0 RuntimeOnly:0 HLODRelevant:0 FolderPath:Road FolderGuid:C0B7D871440F8BAC093547B04E5FAED5
 |   |   |- Guid:133B351B4327C0C2C6D3D890A656B9EA BaseClass: NativeClass:/Script/Engine.StaticMeshActor Name:StaticMeshActor_UAID_F4CE23B15A25036A01_1391395625 Label:Box30 SpatiallyLoaded:1 Bounds:IsValid=true, Min=(X=4593.047 Y=339.966 Z=640.000), Max=(X=4906.953 Y=660.034 Z=670.000) RuntimeGrid:None EditorOnly:0 RuntimeOnly:0 HLODRelevant:0 FolderPath:Road FolderGuid:C0B7D871440F8BAC093547B04E5FAED5
 |   |   |- Guid:221ADA4743B8213B31C2BDA29D9AFA7B BaseClass: NativeClass:/Script/Engine.StaticMeshActor Name:StaticMeshActor_UAID_F4CE23B15A25FD6901_1615135599 Label:Floor Plane3 SpatiallyLoaded:1 Bounds:IsValid=true, Min=(X=2970.000 Y=2860.000 Z=-50.000), Max=(X=5970.000 Y=6360.000 Z=0.000) RuntimeGrid:None EditorOnly:0 RuntimeOnly:0 HLODRelevant:1 FolderPath:Playground FolderGuid:6C02BB504B69D1F3D7A624B130C18E5B
 |   |   |- Guid:28EC110E4077E4CB1B994DBA22822008 BaseClass: NativeClass:/Script/Engine.StaticMeshActor Name:StaticMeshActor_UAID_F4CE23B15A25FE6901_1394124786 Label:Box22 SpatiallyLoaded:1 Bounds:IsValid=true, Min=(X=2711.850 Y=3930.000 Z=461.850), Max=(X=3348.150 Y=4380.000 Z=1098.150) RuntimeGrid:None EditorOnly:0 RuntimeOnly:0 HLODRelevant:0 FolderPath:Buildings FolderGuid:8BAE5B70479104847B07EDAB47A3EB08
 |   |   |- Guid:339158BA441CE1416A735691788C08F7 BaseClass: NativeClass:/Script/Engine.StaticMeshActor Name:StaticMeshActor_UAID_F4CE23B15A25026A01_1705964516 Label:Box27 SpatiallyLoaded:1 Bounds:IsValid=true, Min=(X=599.589 Y=2276.072 Z=-32.599), Max=(X=1360.411 Y=3898.719 Z=282.143) RuntimeGrid:None EditorOnly:0 RuntimeOnly:0 HLODRelevant:0 FolderPath:Road FolderGuid:C0B7D871440F8BAC093547B04E5FAED5
 |   |   |- Guid:38CC54F4431A17FAD6523A89F67FC91B BaseClass: NativeClass:/Script/Engine.StaticMeshActor Name:StaticMeshActor_UAID_F4CE23B15A25FC6901_1157227409 Label:Box8 SpatiallyLoaded:1 Bounds:IsValid=true, Min=(X=1432.415 Y=3624.044 Z=330.000), Max=(X=2167.585 Y=5195.956 Z=360.000) RuntimeGrid:None EditorOnly:0 RuntimeOnly:0 HLODRelevant:0 FolderPath:Road FolderGuid:C0B7D871440F8BAC093547B04E5FAED5
 |   |   |- Guid:3B1CC56C4A9024B7C92174B57C360942 BaseClass: NativeClass:/Script/Engine.StaticMeshActor Name:StaticMeshActor_UAID_F4CE23B15A25FF6901_1832859987 Label:Box26 SpatiallyLoaded:1 Bounds:IsValid=true, Min=(X=3939.801 Y=849.940 Z=179.155), Max=(X=4387.563 Y=1296.655 Z=447.243) RuntimeGrid:None EditorOnly:0 RuntimeOnly:0 HLODRelevant:0 FolderPath:Road FolderGuid:C0B7D871440F8BAC093547B04E5FAED5
 |   |   |- Guid:3EE19E584A87B0C2B982639D42D17ECC BaseClass: NativeClass:/Script/Engine.StaticMeshActor Name:StaticMeshActor_UAID_F4CE23B15A25026A01_1955551518 Label:Floor Plane2 SpatiallyLoaded:1 Bounds:IsValid=true, Min=(X=2950.000 Y=-600.000 Z=-50.000), Max=(X=5950.000 Y=2900.000 Z=0.000) RuntimeGrid:None EditorOnly:0 RuntimeOnly:0 HLODRelevant:1 FolderPath:Playground FolderGuid:6C02BB504B69D1F3D7A624B130C18E5B
 |   |   |- Guid:493E1ED44E31D5424DAD99BFEC64760F BaseClass: NativeClass:/Script/Engine.StaticMeshActor Name:StaticMeshActor_UAID_F4CE23B15A25FC6901_1543289416 Label:Box12 SpatiallyLoaded:1 Bounds:IsValid=true, Min=(X=1645.970 Y=2447.147 Z=0.000), Max=(X=2114.030 Y=2832.853 Z=30.000) RuntimeGrid:None EditorOnly:0 RuntimeOnly:0 HLODRelevant:0 FolderPath:Road FolderGuid:C0B7D871440F8BAC093547B04E5FAED5
 |   |   |- Guid:52C24CA747A57B9BC72FADBAAD4BF4C0 BaseClass: NativeClass:/Script/Engine.StaticMeshActor Name:StaticMeshActor_UAID_F4CE23B15A25FE6901_2030658798 Label:Boolean2 SpatiallyLoaded:1 Bounds:IsValid=true, Min=(X=2805.000 Y=3955.000 Z=320.000), Max=(X=3255.000 Y=4405.000 Z=770.000) RuntimeGrid:None EditorOnly:0 RuntimeOnly:0 HLODRelevant:0 FolderPath:Buildings FolderGuid:8BAE5B70479104847B07EDAB47A3EB08
 |   |   |- Guid:586AE6464011B96231FA098E98446B3F BaseClass: NativeClass:/Script/Engine.StaticMeshActor Name:StaticMeshActor_UAID_F4CE23B15A25FF6901_1232526979 Label:Cylinder3 SpatiallyLoaded:1 Bounds:IsValid=true, Min=(X=5453.000 Y=-2285.000 Z=1740.000), Max=(X=5623.000 Y=-2115.000 Z=2080.000) RuntimeGrid:None EditorOnly:0 RuntimeOnly:0 HLODRelevant:0
 |   |   |- Guid:5CACCBB84E59118B324F69BF1B46673D BaseClass: NativeClass:/Script/Engine.StaticMeshActor Name:StaticMeshActor_UAID_F4CE23B15A25FC6901_1473541414 Label:Cylinder SpatiallyLoaded:1 Bounds:IsValid=true, Min=(X=1828.120 Y=2192.352 Z=0.000), Max=(X=2471.880 Y=2707.648 Z=26.434) RuntimeGrid:None EditorOnly:0 RuntimeOnly:0 HLODRelevant:0 FolderPath:Road FolderGuid:C0B7D871440F8BAC093547B04E5FAED5
 |   |   |- Guid:5FE7584649BB6F09265329A6C57CFD0D BaseClass: NativeClass:/Script/Engine.VolumetricCloud Name:VolumetricCloud_0 Label:VolumetricCloud SpatiallyLoaded:0 Bounds:IsValid=true, Min=(X=0.000 Y=0.000 Z=820.000), Max=(X=0.000 Y=0.000 Z=820.000) RuntimeGrid:None EditorOnly:0 RuntimeOnly:0 HLODRelevant:0 FolderPath:Lighting FolderGuid:0BA5F0A04EADB18E70D5B180D08FA34B
 |   |   |- Guid:61391D344900612A77DFC3BA3E354907 BaseClass: NativeClass:/Script/Engine.ExponentialHeightFog Name:ExponentialHeightFog_0 Label:ExponentialHeightFog SpatiallyLoaded:0 Bounds:IsValid=true, Min=(X=-5600.000 Y=-50.000 Z=-6850.000), Max=(X=-5600.000 Y=-50.000 Z=-6850.000) RuntimeGrid:None EditorOnly:0 RuntimeOnly:0 HLODRelevant:0 FolderPath:Lighting FolderGuid:0BA5F0A04EADB18E70D5B180D08FA34B
 |   |   |- Guid:697A26B2419AB5304BF49983404556AA BaseClass: NativeClass:/Script/Engine.StaticMeshActor Name:StaticMeshActor_UAID_F4CE23B15A25FD6901_1375127594 Label:Floor Plane2 SpatiallyLoaded:1 Bounds:IsValid=true, Min=(X=0.000 Y=2860.000 Z=-50.000), Max=(X=3000.000 Y=6360.000 Z=0.000) RuntimeGrid:None EditorOnly:0 RuntimeOnly:0 HLODRelevant:1 FolderPath:Playground FolderGuid:6C02BB504B69D1F3D7A624B130C18E5B
 |   |   |- Guid:6FEFB3BD4EB37B849EF0D4AC80F83855 BaseClass: NativeClass:/Script/Engine.WorldDataLayers Name:WorldDataLayers Label:WorldDataLayers SpatiallyLoaded:0 Bounds:IsValid=true, Min=(X=0.000 Y=0.000 Z=0.000), Max=(X=0.000 Y=0.000 Z=0.000) RuntimeGrid:None EditorOnly:0 RuntimeOnly:0 HLODRelevant:0
 |   |   |- Guid:7221DAFB40240638E7B422AA0B68AE1D BaseClass: NativeClass:/Script/Engine.StaticMeshActor Name:StaticMeshActor_UAID_F4CE23B15A25FC6901_1545757417 Label:Box13 SpatiallyLoaded:1 Bounds:IsValid=true, Min=(X=1205.636 Y=2447.700 Z=0.000), Max=(X=1814.364 Y=2832.300 Z=30.000) RuntimeGrid:None EditorOnly:0 RuntimeOnly:0 HLODRelevant:0 FolderPath:Road FolderGuid:C0B7D871440F8BAC093547B04E5FAED5
 |   |   |- Guid:78CAF7514C7533F30BD2F19A017AAB65 BaseClass: NativeClass:/Script/Engine.StaticMeshActor Name:StaticMeshActor_0 Label:Floor Plane SpatiallyLoaded:1 Bounds:IsValid=true, Min=(X=0.000 Y=-600.000 Z=-50.000), Max=(X=3000.000 Y=2900.000 Z=0.000) RuntimeGrid:None EditorOnly:0 RuntimeOnly:0 HLODRelevant:1 FolderPath:Playground FolderGuid:6C02BB504B69D1F3D7A624B130C18E5B
 |   |   |- Guid:7CDACFA14EA594ECCFD7AEB58B4C54CE BaseClass: NativeClass:/Script/Engine.StaticMeshActor Name:StaticMeshActor_UAID_F4CE23B15A25FB6901_1681924223 Label:Box SpatiallyLoaded:1 Bounds:IsValid=true, Min=(X=909.589 Y=1418.805 Z=0.000), Max=(X=1670.411 Y=3061.195 Z=30.000) RuntimeGrid:None EditorOnly:0 RuntimeOnly:0 HLODRelevant:0 FolderPath:Road FolderGuid:C0B7D871440F8BAC093547B04E5FAED5
 |   |   |- Guid:7F67E7384BF203E8EB0D55B7DED14471 BaseClass: NativeClass:/Script/Engine.StaticMeshActor Name:StaticMeshActor_UAID_F4CE23B15A25FD6901_1662204601 Label:Box18 SpatiallyLoaded:1 Bounds:IsValid=true, Min=(X=3039.920 Y=1100.000 Z=-10.084), Max=(X=5654.870 Y=1300.000 Z=479.628) RuntimeGrid:None EditorOnly:0 RuntimeOnly:0 HLODRelevant:0 FolderPath:Road FolderGuid:C0B7D871440F8BAC093547B04E5FAED5
 |   |   |- Guid:8494358E41502B676B6D36889A55857C BaseClass: NativeClass:/Script/Engine.StaticMeshActor Name:StaticMeshActor_UAID_F4CE23B15A25FB6901_1733091225 Label:Box2 SpatiallyLoaded:1 Bounds:IsValid=true, Min=(X=1405.549 Y=1103.918 Z=0.000), Max=(X=3114.451 Y=1596.082 Z=30.000) RuntimeGrid:None EditorOnly:0 RuntimeOnly:0 HLODRelevant:0 FolderPath:Road FolderGuid:C0B7D871440F8BAC093547B04E5FAED5
 |   |   |- Guid:8B5C56EE4160877239CD25AF95AB8B25 BaseClass: NativeClass:/Script/Engine.StaticMeshActor Name:StaticMeshActor_UAID_F4CE23B15A25FC6901_1234264411 Label:Box10 SpatiallyLoaded:1 Bounds:IsValid=true, Min=(X=2289.029 Y=2457.147 Z=4.323), Max=(X=2925.762 Y=2942.853 Z=145.222) RuntimeGrid:None EditorOnly:0 RuntimeOnly:0 HLODRelevant:0 FolderPath:Road FolderGuid:C0B7D871440F8BAC093547B04E5FAED5
 |   |   |- Guid:904DA5304860083CD1EF92ADC721CF4A BaseClass: NativeClass:/Script/Engine.StaticMeshActor Name:StaticMeshActor_UAID_F4CE23B15A25FB6901_1890366229 Label:Box4 SpatiallyLoaded:1 Bounds:IsValid=true, Min=(X=940.000 Y=1390.000 Z=0.000), Max=(X=1440.000 Y=1590.000 Z=30.000) RuntimeGrid:None EditorOnly:0 RuntimeOnly:0 HLODRelevant:0 FolderPath:Road FolderGuid:C0B7D871440F8BAC093547B04E5FAED5
 |   |   |- Guid:90EE919640FC7B7B6BCCFD92C765EB05 BaseClass: NativeClass:/Script/Engine.StaticMeshActor Name:StaticMeshActor_UAID_F4CE23B15A25FF6901_1430059982 Label:Boolean3 SpatiallyLoaded:1 Bounds:IsValid=true, Min=(X=5427.500 Y=-2325.000 Z=630.000), Max=(X=5652.500 Y=-2075.000 Z=1580.000) RuntimeGrid:None EditorOnly:0 RuntimeOnly:0 HLODRelevant:0 FolderPath:Buildings FolderGuid:8BAE5B70479104847B07EDAB47A3EB08
 |   |   |- Guid:951D1D6D4029D4D9582BA08CF7ADFDBC BaseClass: NativeClass:/Script/Engine.StaticMeshActor Name:StaticMeshActor_UAID_F4CE23B15A25FD6901_1713391602 Label:Box19 SpatiallyLoaded:1 Bounds:IsValid=true, Min=(X=5546.354 Y=1107.147 Z=450.000), Max=(X=7053.646 Y=2092.853 Z=480.000) RuntimeGrid:None EditorOnly:0 RuntimeOnly:0 HLODRelevant:0 FolderPath:Road FolderGuid:C0B7D871440F8BAC093547B04E5FAED5
 |   |   |- Guid:9A7B088942F2199A5F3E3FB2A44AE2B9 BaseClass: NativeClass:/Script/Engine.StaticMeshActor Name:StaticMeshActor_UAID_F4CE23B15A25FD6901_1971927603 Label:Box20 SpatiallyLoaded:1 Bounds:IsValid=true, Min=(X=2160.000 Y=3920.000 Z=0.000), Max=(X=2260.000 Y=4020.000 Z=100.000) RuntimeGrid:None EditorOnly:0 RuntimeOnly:0 HLODRelevant:0 FolderPath:Buildings FolderGuid:8BAE5B70479104847B07EDAB47A3EB08
 |   |   |- Guid:9C9594534B8818DB507AADBEF4D888A9 BaseClass: NativeClass:/Script/Engine.StaticMeshActor Name:StaticMeshActor_UAID_F4CE23B15A25FC6901_1129786408 Label:Box7 SpatiallyLoaded:1 Bounds:IsValid=true, Min=(X=2907.500 Y=3380.000 Z=330.000), Max=(X=3832.500 Y=3580.000 Z=360.000) RuntimeGrid:None EditorOnly:0 RuntimeOnly:0 HLODRelevant:0 FolderPath:Road FolderGuid:C0B7D871440F8BAC093547B04E5FAED5
 |   |   |- Guid:9D2855724FB2CF041ADC22957D6596CB BaseClass: NativeClass:/Script/Engine.StaticMeshActor Name:StaticMeshActor_UAID_F4CE23B15A25FC6901_1541473415 Label:Box11 SpatiallyLoaded:1 Bounds:IsValid=true, Min=(X=1433.967 Y=1603.123 Z=0.000), Max=(X=2246.033 Y=2516.877 Z=30.000) RuntimeGrid:None EditorOnly:0 RuntimeOnly:0 HLODRelevant:0 FolderPath:Road FolderGuid:C0B7D871440F8BAC093547B04E5FAED5
 |   |   |- Guid:A1CEC8264BF75F7BDFF1DCBE9562E397 BaseClass: NativeClass:/Script/Engine.StaticMeshActor Name:StaticMeshActor_UAID_F4CE23B15A25FD6901_1398260595 Label:Box14 SpatiallyLoaded:1 Bounds:IsValid=true, Min=(X=3726.267 Y=3372.341 Z=330.000), Max=(X=5133.733 Y=4047.659 Z=360.000) RuntimeGrid:None EditorOnly:0 RuntimeOnly:0 HLODRelevant:0 FolderPath:Road FolderGuid:C0B7D871440F8BAC093547B04E5FAED5
 |   |   |- Guid:A354B1B24E617A525DC6B48CCDE2417E BaseClass: NativeClass:/Script/Engine.PlayerStart Name:PlayerStart_0 Label:PlayerStart SpatiallyLoaded:0 Bounds:IsValid=true, Min=(X=1020.000 Y=-160.000 Z=140.013), Max=(X=1100.000 Y=-80.000 Z=324.013) RuntimeGrid:None EditorOnly:0 RuntimeOnly:0 HLODRelevant:0
 |   |   |- Guid:A3CFAB964CE067406E3E38B23A984519 BaseClass: NativeClass:/Script/Engine.StaticMeshActor Name:StaticMeshActor_UAID_F4CE23B15A25FF6901_1699327984 Label:Floor Plane5 SpatiallyLoaded:1 Bounds:IsValid=true, Min=(X=4380.000 Y=-2500.000 Z=5.000), Max=(X=6505.000 Y=450.000 Z=630.000) RuntimeGrid:None EditorOnly:0 RuntimeOnly:0 HLODRelevant:1 FolderPath:Playground FolderGuid:6C02BB504B69D1F3D7A624B130C18E5B
 |   |   |- Guid:AB86CE7D463BB0F52787D68249D88FBA BaseClass: NativeClass:/Script/Engine.StaticMeshActor Name:StaticMeshActor_UAID_F4CE23B15A25FC6901_1217659410 Label:Box9 SpatiallyLoaded:1 Bounds:IsValid=true, Min=(X=2730.000 Y=2710.370 Z=84.641), Max=(X=2930.000 Y=3519.369 Z=403.549) RuntimeGrid:None EditorOnly:0 RuntimeOnly:0 HLODRelevant:0 FolderPath:Road FolderGuid:C0B7D871440F8BAC093547B04E5FAED5
 |   |   |- Guid:B8D910024402D5FA91C505A2FA6BBAD8 BaseClass: NativeClass:/Script/Engine.StaticMeshActor Name:StaticMeshActor_UAID_F4CE23B15A25FD6901_2034763606 Label:Box23 SpatiallyLoaded:1 Bounds:IsValid=true, Min=(X=4087.500 Y=4550.000 Z=330.000), Max=(X=5012.500 Y=4750.000 Z=360.000) RuntimeGrid:None EditorOnly:0 RuntimeOnly:0 HLODRelevant:0 FolderPath:Road FolderGuid:C0B7D871440F8BAC093547B04E5FAED5
 |   |   |- Guid:B9A9BAC14BD46172FDB9E8A176A56463 BaseClass: NativeClass:/Script/Engine.StaticMeshActor Name:StaticMeshActor_UAID_F4CE23B15A25FE6901_1776270788 Label:Box25 SpatiallyLoaded:1 Bounds:IsValid=true, Min=(X=3255.000 Y=3955.000 Z=320.000), Max=(X=3705.000 Y=4405.000 Z=657.500) RuntimeGrid:None EditorOnly:0 RuntimeOnly:0 HLODRelevant:0 FolderPath:Buildings FolderGuid:8BAE5B70479104847B07EDAB47A3EB08
 |   |   |- Guid:C0C56B9644AE3D40CAFF6A878DB29844 BaseClass: NativeClass:/Script/Engine.StaticMeshActor Name:StaticMeshActor_UAID_A4AE111137DC5EFB00_2001720423 Label:SM_SkySphere SpatiallyLoaded:0 Bounds:IsValid=true, Min=(X=-1638400.000 Y=-1638400.000 Z=-1638400.000), Max=(X=1638400.000 Y=1638400.000 Z=1638400.000) RuntimeGrid:None EditorOnly:0 RuntimeOnly:0 HLODRelevant:1 FolderPath:Lighting FolderGuid:0BA5F0A04EADB18E70D5B180D08FA34B
 |   |   |- Guid:C22CE07C4B87D685137FDBBC10FC92C6 BaseClass: NativeClass:/Script/Engine.SkyAtmosphere Name:SkyAtmosphere_0 Label:SkyAtmosphere SpatiallyLoaded:0 Bounds:IsValid=true, Min=(X=0.000 Y=0.000 Z=1020.000), Max=(X=0.000 Y=0.000 Z=1020.000) RuntimeGrid:None EditorOnly:0 RuntimeOnly:0 HLODRelevant:0 FolderPath:Lighting FolderGuid:0BA5F0A04EADB18E70D5B180D08FA34B
 |   |   |- Guid:C8C4852E439C3F3A711472974CDFCB54 BaseClass: NativeClass:/Script/Engine.StaticMeshActor Name:StaticMeshActor_UAID_F4CE23B15A25036A01_1316811623 Label:Box28 SpatiallyLoaded:1 Bounds:IsValid=true, Min=(X=4159.801 Y=649.940 Z=329.155), Max=(X=4607.563 Y=1096.655 Z=597.243) RuntimeGrid:None EditorOnly:0 RuntimeOnly:0 HLODRelevant:0 FolderPath:Road FolderGuid:C0B7D871440F8BAC093547B04E5FAED5
 |   |   |- Guid:CD48649D4043931FE94AA8B0523E99C8 BaseClass: NativeClass:/Script/Engine.StaticMeshActor Name:StaticMeshActor_UAID_F4CE23B15A25FD6901_1584381598 Label:Box17 SpatiallyLoaded:1 Bounds:IsValid=true, Min=(X=1440.000 Y=5090.000 Z=330.000), Max=(X=1640.000 Y=5790.000 Z=360.000) RuntimeGrid:None EditorOnly:0 RuntimeOnly:0 HLODRelevant:0 FolderPath:Road FolderGuid:C0B7D871440F8BAC093547B04E5FAED5
 |   |   |- Guid:CE4768924B2AB2542E73398BD7D310FD BaseClass: NativeClass:/Script/Engine.StaticMeshActor Name:StaticMeshActor_UAID_F4CE23B15A25FF6901_1423196981 Label:Boolean6 SpatiallyLoaded:1 Bounds:IsValid=true, Min=(X=3005.672 Y=620.772 Z=392.942), Max=(X=3106.256 Y=720.779 Z=598.620) RuntimeGrid:None EditorOnly:0 RuntimeOnly:0 HLODRelevant:0 FolderPath:Buildings FolderGuid:8BAE5B70479104847B07EDAB47A3EB08
 |   |   |- Guid:CE76AC6E4094EC097AD27C95E9071090 BaseClass: NativeClass:/Script/Engine.StaticMeshActor Name:StaticMeshActor_UAID_F4CE23B15A25036A01_1335205624 Label:Box29 SpatiallyLoaded:1 Bounds:IsValid=true, Min=(X=4442.872 Y=517.893 Z=531.110), Max=(X=4744.492 Y=828.703 Z=695.288) RuntimeGrid:None EditorOnly:0 RuntimeOnly:0 HLODRelevant:0 FolderPath:Road FolderGuid:C0B7D871440F8BAC093547B04E5FAED5
 |   |   |- Guid:CE8D82634660FCDB3120E2B8D547C533 BaseClass: NativeClass:/Script/Engine.PostProcessVolume Name:PostProcessVolume_0 Label:PostProcessVolume SpatiallyLoaded:0 Bounds:IsValid=true, Min=(X=0.000 Y=0.000 Z=400.000), Max=(X=200.000 Y=200.000 Z=600.000) RuntimeGrid:None EditorOnly:0 RuntimeOnly:0 HLODRelevant:0 FolderPath:Lighting FolderGuid:0BA5F0A04EADB18E70D5B180D08FA34B
 |   |   |- Guid:CEFDF3514FE72CB8EC469AB9D5B32FBC BaseClass: NativeClass:/Script/Engine.StaticMeshActor Name:StaticMeshActor_UAID_F4CE23B15A25FF6901_1073830977 Label:Box21 SpatiallyLoaded:1 Bounds:IsValid=true, Min=(X=5442.884 Y=-2312.500 Z=1580.000), Max=(X=5630.384 Y=-2087.500 Z=1778.419) RuntimeGrid:None EditorOnly:0 RuntimeOnly:0 HLODRelevant:0 FolderPath:Buildings FolderGuid:8BAE5B70479104847B07EDAB47A3EB08
 |   |   |- Guid:D732EE0E46CD17EE83BD3881350737E2 BaseClass: NativeClass:/Script/Engine.StaticMeshActor Name:StaticMeshActor_UAID_F4CE23B15A25FD6901_1481018597 Label:Box16 SpatiallyLoaded:1 Bounds:IsValid=true, Min=(X=1443.000 Y=5610.000 Z=330.000), Max=(X=5143.000 Y=5810.000 Z=360.000) RuntimeGrid:None EditorOnly:0 RuntimeOnly:0 HLODRelevant:0 FolderPath:Road FolderGuid:C0B7D871440F8BAC093547B04E5FAED5
 |   |   |- Guid:E38EAB5B4956E7AD7D4E04B02A8262F2 BaseClass: NativeClass:/Script/Engine.StaticMeshActor Name:StaticMeshActor_UAID_F4CE23B15A25FF6901_1438150983 Label:Box24 SpatiallyLoaded:1 Bounds:IsValid=true, Min=(X=5632.500 Y=-2328.750 Z=630.000), Max=(X=6307.500 Y=-1691.250 Z=1342.500) RuntimeGrid:None EditorOnly:0 RuntimeOnly:0 HLODRelevant:0 FolderPath:Buildings FolderGuid:8BAE5B70479104847B07EDAB47A3EB08
 |   |   |- Guid:E49472064C737BDB76182B85A3249BF6 BaseClass: NativeClass:/Script/Engine.StaticMeshActor Name:StaticMeshActor_UAID_F4CE23B15A25FD6901_1451544596 Label:Box15 SpatiallyLoaded:1 Bounds:IsValid=true, Min=(X=4940.000 Y=3862.500 Z=330.000), Max=(X=5140.000 Y=5637.500 Z=360.000) RuntimeGrid:None EditorOnly:0 RuntimeOnly:0 HLODRelevant:0 FolderPath:Road FolderGuid:C0B7D871440F8BAC093547B04E5FAED5
 |   |   |- Guid:E5320C1B4FD9764CE7B54D8487AEC613 BaseClass: NativeClass:/Script/Engine.SkyLight Name:SkyLight_0 Label:SkyLight SpatiallyLoaded:0 Bounds:IsValid=true, Min=(X=0.000 Y=0.000 Z=690.000), Max=(X=0.000 Y=0.000 Z=690.000) RuntimeGrid:None EditorOnly:0 RuntimeOnly:0 HLODRelevant:0 FolderPath:Lighting FolderGuid:0BA5F0A04EADB18E70D5B180D08FA34B
 |   |   |- Guid:EE66F4454A4A9F99393F559AB739C05E BaseClass:/Game/FirstPerson/Blueprints/BP_Pickup_Rifle.BP_Pickup_Rifle_C NativeClass:/Script/Engine.Actor Name:BP_Rifle_C_1 Label:BP_Pickup_Rifle SpatiallyLoaded:1 Bounds:IsValid=true, Min=(X=1378.000 Y=818.000 Z=64.000), Max=(X=1442.000 Y=907.440 Z=128.000) RuntimeGrid:None EditorOnly:0 RuntimeOnly:0 HLODRelevant:0
 |   |   |- Guid:F2F42F1C4141DBC0C72FA6A3A5184D1D BaseClass: NativeClass:/Script/Engine.StaticMeshActor Name:StaticMeshActor_UAID_F4CE23B15A25026A01_1835942517 Label:Floor Plane6 SpatiallyLoaded:1 Bounds:IsValid=true, Min=(X=1220.000 Y=3460.000 Z=4.000), Max=(X=5370.000 Y=6210.000 Z=329.000) RuntimeGrid:None EditorOnly:0 RuntimeOnly:0 HLODRelevant:1 FolderPath:Playground FolderGuid:6C02BB504B69D1F3D7A624B130C18E5B
 |   |   |- Guid:F80621C9446867154938FE81375207DA BaseClass: NativeClass:/Script/Engine.DirectionalLight Name:DirectionalLight_1 Label:DirectionalLight SpatiallyLoaded:0 Bounds:IsValid=true, Min=(X=-1048576.000 Y=-1048576.000 Z=-1048576.000), Max=(X=1048576.000 Y=1048576.000 Z=1048576.000) RuntimeGrid:None EditorOnly:0 RuntimeOnly:0 HLODRelevant:0 FolderPath:Lighting FolderGuid:0BA5F0A04EADB18E70D5B180D08FA34B
 |   |- [+] Clusters:
 |   |   |- [+] [  0]
 |   |   |   |- Guid:B8D910024402D5FA91C505A2FA6BBAD8 BaseClass: NativeClass:/Script/Engine.StaticMeshActor Name:StaticMeshActor_UAID_F4CE23B15A25FD6901_2034763606 Label:Box23 SpatiallyLoaded:1 Bounds:IsValid=true, Min=(X=4087.500 Y=4550.000 Z=330.000), Max=(X=5012.500 Y=4750.000 Z=360.000) RuntimeGrid:None EditorOnly:0 RuntimeOnly:0 HLODRelevant:0 FolderPath:Road FolderGuid:C0B7D871440F8BAC093547B04E5FAED5
 |   |   |- [+] [  1]
 |   |   |   |- Guid:61391D344900612A77DFC3BA3E354907 BaseClass: NativeClass:/Script/Engine.ExponentialHeightFog Name:ExponentialHeightFog_0 Label:ExponentialHeightFog SpatiallyLoaded:0 Bounds:IsValid=true, Min=(X=-5600.000 Y=-50.000 Z=-6850.000), Max=(X=-5600.000 Y=-50.000 Z=-6850.000) RuntimeGrid:None EditorOnly:0 RuntimeOnly:0 HLODRelevant:0 FolderPath:Lighting FolderGuid:0BA5F0A04EADB18E70D5B180D08FA34B
 |   |   |- [+] [  2]
 |   |   |   |- Guid:5FE7584649BB6F09265329A6C57CFD0D BaseClass: NativeClass:/Script/Engine.VolumetricCloud Name:VolumetricCloud_0 Label:VolumetricCloud SpatiallyLoaded:0 Bounds:IsValid=true, Min=(X=0.000 Y=0.000 Z=820.000), Max=(X=0.000 Y=0.000 Z=820.000) RuntimeGrid:None EditorOnly:0 RuntimeOnly:0 HLODRelevant:0 FolderPath:Lighting FolderGuid:0BA5F0A04EADB18E70D5B180D08FA34B
 |   |   |- [+] [  3]
 |   |   |   |- Guid:F2F42F1C4141DBC0C72FA6A3A5184D1D BaseClass: NativeClass:/Script/Engine.StaticMeshActor Name:StaticMeshActor_UAID_F4CE23B15A25026A01_1835942517 Label:Floor Plane6 SpatiallyLoaded:1 Bounds:IsValid=true, Min=(X=1220.000 Y=3460.000 Z=4.000), Max=(X=5370.000 Y=6210.000 Z=329.000) RuntimeGrid:None EditorOnly:0 RuntimeOnly:0 HLODRelevant:1 FolderPath:Playground FolderGuid:6C02BB504B69D1F3D7A624B130C18E5B
 |   |   |- [+] [  4]
 |   |   |   |- Guid:CD48649D4043931FE94AA8B0523E99C8 BaseClass: NativeClass:/Script/Engine.StaticMeshActor Name:StaticMeshActor_UAID_F4CE23B15A25FD6901_1584381598 Label:Box17 SpatiallyLoaded:1 Bounds:IsValid=true, Min=(X=1440.000 Y=5090.000 Z=330.000), Max=(X=1640.000 Y=5790.000 Z=360.000) RuntimeGrid:None EditorOnly:0 RuntimeOnly:0 HLODRelevant:0 FolderPath:Road FolderGuid:C0B7D871440F8BAC093547B04E5FAED5
 |   |   |- [+] [  5]
 |   |   |   |- Guid:951D1D6D4029D4D9582BA08CF7ADFDBC BaseClass: NativeClass:/Script/Engine.StaticMeshActor Name:StaticMeshActor_UAID_F4CE23B15A25FD6901_1713391602 Label:Box19 SpatiallyLoaded:1 Bounds:IsValid=true, Min=(X=5546.354 Y=1107.147 Z=450.000), Max=(X=7053.646 Y=2092.853 Z=480.000) RuntimeGrid:None EditorOnly:0 RuntimeOnly:0 HLODRelevant:0 FolderPath:Road FolderGuid:C0B7D871440F8BAC093547B04E5FAED5
 |   |   |- [+] [  6]
 |   |   |   |- Guid:F80621C9446867154938FE81375207DA BaseClass: NativeClass:/Script/Engine.DirectionalLight Name:DirectionalLight_1 Label:DirectionalLight SpatiallyLoaded:0 Bounds:IsValid=true, Min=(X=-1048576.000 Y=-1048576.000 Z=-1048576.000), Max=(X=1048576.000 Y=1048576.000 Z=1048576.000) RuntimeGrid:None EditorOnly:0 RuntimeOnly:0 HLODRelevant:0 FolderPath:Lighting FolderGuid:0BA5F0A04EADB18E70D5B180D08FA34B
 |   |   |- [+] [  7]
 |   |   |   |- Guid:7F67E7384BF203E8EB0D55B7DED14471 BaseClass: NativeClass:/Script/Engine.StaticMeshActor Name:StaticMeshActor_UAID_F4CE23B15A25FD6901_1662204601 Label:Box18 SpatiallyLoaded:1 Bounds:IsValid=true, Min=(X=3039.920 Y=1100.000 Z=-10.084), Max=(X=5654.870 Y=1300.000 Z=479.628) RuntimeGrid:None EditorOnly:0 RuntimeOnly:0 HLODRelevant:0 FolderPath:Road FolderGuid:C0B7D871440F8BAC093547B04E5FAED5
 |   |   |- [+] [  8]
 |   |   |   |- Guid:9A7B088942F2199A5F3E3FB2A44AE2B9 BaseClass: NativeClass:/Script/Engine.StaticMeshActor Name:StaticMeshActor_UAID_F4CE23B15A25FD6901_1971927603 Label:Box20 SpatiallyLoaded:1 Bounds:IsValid=true, Min=(X=2160.000 Y=3920.000 Z=0.000), Max=(X=2260.000 Y=4020.000 Z=100.000) RuntimeGrid:None EditorOnly:0 RuntimeOnly:0 HLODRelevant:0 FolderPath:Buildings FolderGuid:8BAE5B70479104847B07EDAB47A3EB08
 |   |   |- [+] [  9]
 |   |   |   |- Guid:697A26B2419AB5304BF49983404556AA BaseClass: NativeClass:/Script/Engine.StaticMeshActor Name:StaticMeshActor_UAID_F4CE23B15A25FD6901_1375127594 Label:Floor Plane2 SpatiallyLoaded:1 Bounds:IsValid=true, Min=(X=0.000 Y=2860.000 Z=-50.000), Max=(X=3000.000 Y=6360.000 Z=0.000) RuntimeGrid:None EditorOnly:0 RuntimeOnly:0 HLODRelevant:1 FolderPath:Playground FolderGuid:6C02BB504B69D1F3D7A624B130C18E5B
 |   |   |- [+] [ 10]
 |   |   |   |- Guid:D732EE0E46CD17EE83BD3881350737E2 BaseClass: NativeClass:/Script/Engine.StaticMeshActor Name:StaticMeshActor_UAID_F4CE23B15A25FD6901_1481018597 Label:Box16 SpatiallyLoaded:1 Bounds:IsValid=true, Min=(X=1443.000 Y=5610.000 Z=330.000), Max=(X=5143.000 Y=5810.000 Z=360.000) RuntimeGrid:None EditorOnly:0 RuntimeOnly:0 HLODRelevant:0 FolderPath:Road FolderGuid:C0B7D871440F8BAC093547B04E5FAED5
 |   |   |- [+] [ 11]
 |   |   |   |- Guid:E49472064C737BDB76182B85A3249BF6 BaseClass: NativeClass:/Script/Engine.StaticMeshActor Name:StaticMeshActor_UAID_F4CE23B15A25FD6901_1451544596 Label:Box15 SpatiallyLoaded:1 Bounds:IsValid=true, Min=(X=4940.000 Y=3862.500 Z=330.000), Max=(X=5140.000 Y=5637.500 Z=360.000) RuntimeGrid:None EditorOnly:0 RuntimeOnly:0 HLODRelevant:0 FolderPath:Road FolderGuid:C0B7D871440F8BAC093547B04E5FAED5
 |   |   |- [+] [ 12]
 |   |   |   |- Guid:CEFDF3514FE72CB8EC469AB9D5B32FBC BaseClass: NativeClass:/Script/Engine.StaticMeshActor Name:StaticMeshActor_UAID_F4CE23B15A25FF6901_1073830977 Label:Box21 SpatiallyLoaded:1 Bounds:IsValid=true, Min=(X=5442.884 Y=-2312.500 Z=1580.000), Max=(X=5630.384 Y=-2087.500 Z=1778.419) RuntimeGrid:None EditorOnly:0 RuntimeOnly:0 HLODRelevant:0 FolderPath:Buildings FolderGuid:8BAE5B70479104847B07EDAB47A3EB08
 |   |   |- [+] [ 13]
 |   |   |   |- Guid:7CDACFA14EA594ECCFD7AEB58B4C54CE BaseClass: NativeClass:/Script/Engine.StaticMeshActor Name:StaticMeshActor_UAID_F4CE23B15A25FB6901_1681924223 Label:Box SpatiallyLoaded:1 Bounds:IsValid=true, Min=(X=909.589 Y=1418.805 Z=0.000), Max=(X=1670.411 Y=3061.195 Z=30.000) RuntimeGrid:None EditorOnly:0 RuntimeOnly:0 HLODRelevant:0 FolderPath:Road FolderGuid:C0B7D871440F8BAC093547B04E5FAED5
 |   |   |- [+] [ 14]
 |   |   |   |- Guid:7221DAFB40240638E7B422AA0B68AE1D BaseClass: NativeClass:/Script/Engine.StaticMeshActor Name:StaticMeshActor_UAID_F4CE23B15A25FC6901_1545757417 Label:Box13 SpatiallyLoaded:1 Bounds:IsValid=true, Min=(X=1205.636 Y=2447.700 Z=0.000), Max=(X=1814.364 Y=2832.300 Z=30.000) RuntimeGrid:None EditorOnly:0 RuntimeOnly:0 HLODRelevant:0 FolderPath:Road FolderGuid:C0B7D871440F8BAC093547B04E5FAED5
 |   |   |- [+] [ 15]
 |   |   |   |- Guid:9D2855724FB2CF041ADC22957D6596CB BaseClass: NativeClass:/Script/Engine.StaticMeshActor Name:StaticMeshActor_UAID_F4CE23B15A25FC6901_1541473415 Label:Box11 SpatiallyLoaded:1 Bounds:IsValid=true, Min=(X=1433.967 Y=1603.123 Z=0.000), Max=(X=2246.033 Y=2516.877 Z=30.000) RuntimeGrid:None EditorOnly:0 RuntimeOnly:0 HLODRelevant:0 FolderPath:Road FolderGuid:C0B7D871440F8BAC093547B04E5FAED5
 |   |   |- [+] [ 16]
 |   |   |   |- Guid:339158BA441CE1416A735691788C08F7 BaseClass: NativeClass:/Script/Engine.StaticMeshActor Name:StaticMeshActor_UAID_F4CE23B15A25026A01_1705964516 Label:Box27 SpatiallyLoaded:1 Bounds:IsValid=true, Min=(X=599.589 Y=2276.072 Z=-32.599), Max=(X=1360.411 Y=3898.719 Z=282.143) RuntimeGrid:None EditorOnly:0 RuntimeOnly:0 HLODRelevant:0 FolderPath:Road FolderGuid:C0B7D871440F8BAC093547B04E5FAED5
 |   |   |- [+] [ 17]
 |   |   |   |- Guid:38CC54F4431A17FAD6523A89F67FC91B BaseClass: NativeClass:/Script/Engine.StaticMeshActor Name:StaticMeshActor_UAID_F4CE23B15A25FC6901_1157227409 Label:Box8 SpatiallyLoaded:1 Bounds:IsValid=true, Min=(X=1432.415 Y=3624.044 Z=330.000), Max=(X=2167.585 Y=5195.956 Z=360.000) RuntimeGrid:None EditorOnly:0 RuntimeOnly:0 HLODRelevant:0 FolderPath:Road FolderGuid:C0B7D871440F8BAC093547B04E5FAED5
 |   |   |- [+] [ 18]
 |   |   |   |- Guid:E38EAB5B4956E7AD7D4E04B02A8262F2 BaseClass: NativeClass:/Script/Engine.StaticMeshActor Name:StaticMeshActor_UAID_F4CE23B15A25FF6901_1438150983 Label:Box24 SpatiallyLoaded:1 Bounds:IsValid=true, Min=(X=5632.500 Y=-2328.750 Z=630.000), Max=(X=6307.500 Y=-1691.250 Z=1342.500) RuntimeGrid:None EditorOnly:0 RuntimeOnly:0 HLODRelevant:0 FolderPath:Buildings FolderGuid:8BAE5B70479104847B07EDAB47A3EB08
 |   |   |- [+] [ 19]
 |   |   |   |- Guid:019458724EF5E1F96342FFB4290CCD31 BaseClass: NativeClass:/Script/Engine.StaticMeshActor Name:StaticMeshActor_UAID_F4CE23B15A25FB6901_1778574226 Label:Box3 SpatiallyLoaded:1 Bounds:IsValid=true, Min=(X=940.000 Y=-310.000 Z=0.000), Max=(X=1140.000 Y=1390.000 Z=30.000) RuntimeGrid:None EditorOnly:0 RuntimeOnly:0 HLODRelevant:0 FolderPath:Road FolderGuid:C0B7D871440F8BAC093547B04E5FAED5
 |   |   |- [+] [ 20]
 |   |   |   |- Guid:EE66F4454A4A9F99393F559AB739C05E BaseClass:/Game/FirstPerson/Blueprints/BP_Pickup_Rifle.BP_Pickup_Rifle_C NativeClass:/Script/Engine.Actor Name:BP_Rifle_C_1 Label:BP_Pickup_Rifle SpatiallyLoaded:1 Bounds:IsValid=true, Min=(X=1378.000 Y=818.000 Z=64.000), Max=(X=1442.000 Y=907.440 Z=128.000) RuntimeGrid:None EditorOnly:0 RuntimeOnly:0 HLODRelevant:0
 |   |   |- [+] [ 21]
 |   |   |   |- Guid:52C24CA747A57B9BC72FADBAAD4BF4C0 BaseClass: NativeClass:/Script/Engine.StaticMeshActor Name:StaticMeshActor_UAID_F4CE23B15A25FE6901_2030658798 Label:Boolean2 SpatiallyLoaded:1 Bounds:IsValid=true, Min=(X=2805.000 Y=3955.000 Z=320.000), Max=(X=3255.000 Y=4405.000 Z=770.000) RuntimeGrid:None EditorOnly:0 RuntimeOnly:0 HLODRelevant:0 FolderPath:Buildings FolderGuid:8BAE5B70479104847B07EDAB47A3EB08
 |   |   |- [+] [ 22]
 |   |   |   |- Guid:904DA5304860083CD1EF92ADC721CF4A BaseClass: NativeClass:/Script/Engine.StaticMeshActor Name:StaticMeshActor_UAID_F4CE23B15A25FB6901_1890366229 Label:Box4 SpatiallyLoaded:1 Bounds:IsValid=true, Min=(X=940.000 Y=1390.000 Z=0.000), Max=(X=1440.000 Y=1590.000 Z=30.000) RuntimeGrid:None EditorOnly:0 RuntimeOnly:0 HLODRelevant:0 FolderPath:Road FolderGuid:C0B7D871440F8BAC093547B04E5FAED5
 |   |   |- [+] [ 23]
 |   |   |   |- Guid:E5320C1B4FD9764CE7B54D8487AEC613 BaseClass: NativeClass:/Script/Engine.SkyLight Name:SkyLight_0 Label:SkyLight SpatiallyLoaded:0 Bounds:IsValid=true, Min=(X=0.000 Y=0.000 Z=690.000), Max=(X=0.000 Y=0.000 Z=690.000) RuntimeGrid:None EditorOnly:0 RuntimeOnly:0 HLODRelevant:0 FolderPath:Lighting FolderGuid:0BA5F0A04EADB18E70D5B180D08FA34B
 |   |   |- [+] [ 24]
 |   |   |   |- Guid:0EDC64234EE5B45A910A51B2CF6A5033 BaseClass: NativeClass:/Script/Engine.StaticMeshActor Name:StaticMeshActor_UAID_F4CE23B15A25FB6901_2145175231 Label:Box6 SpatiallyLoaded:1 Bounds:IsValid=true, Min=(X=2007.162 Y=3381.207 Z=330.000), Max=(X=2952.838 Y=3738.793 Z=360.000) RuntimeGrid:None EditorOnly:0 RuntimeOnly:0 HLODRelevant:0 FolderPath:Road FolderGuid:C0B7D871440F8BAC093547B04E5FAED5
 |   |   |- [+] [ 25]
 |   |   |   |- Guid:9C9594534B8818DB507AADBEF4D888A9 BaseClass: NativeClass:/Script/Engine.StaticMeshActor Name:StaticMeshActor_UAID_F4CE23B15A25FC6901_1129786408 Label:Box7 SpatiallyLoaded:1 Bounds:IsValid=true, Min=(X=2907.500 Y=3380.000 Z=330.000), Max=(X=3832.500 Y=3580.000 Z=360.000) RuntimeGrid:None EditorOnly:0 RuntimeOnly:0 HLODRelevant:0 FolderPath:Road FolderGuid:C0B7D871440F8BAC093547B04E5FAED5
 |   |   |- [+] [ 26]
 |   |   |   |- Guid:5CACCBB84E59118B324F69BF1B46673D BaseClass: NativeClass:/Script/Engine.StaticMeshActor Name:StaticMeshActor_UAID_F4CE23B15A25FC6901_1473541414 Label:Cylinder SpatiallyLoaded:1 Bounds:IsValid=true, Min=(X=1828.120 Y=2192.352 Z=0.000), Max=(X=2471.880 Y=2707.648 Z=26.434) RuntimeGrid:None EditorOnly:0 RuntimeOnly:0 HLODRelevant:0 FolderPath:Road FolderGuid:C0B7D871440F8BAC093547B04E5FAED5
 |   |   |- [+] [ 27]
 |   |   |   |- Guid:78CAF7514C7533F30BD2F19A017AAB65 BaseClass: NativeClass:/Script/Engine.StaticMeshActor Name:StaticMeshActor_0 Label:Floor Plane SpatiallyLoaded:1 Bounds:IsValid=true, Min=(X=0.000 Y=-600.000 Z=-50.000), Max=(X=3000.000 Y=2900.000 Z=0.000) RuntimeGrid:None EditorOnly:0 RuntimeOnly:0 HLODRelevant:1 FolderPath:Playground FolderGuid:6C02BB504B69D1F3D7A624B130C18E5B
 |   |   |- [+] [ 28]
 |   |   |   |- Guid:014139064B272AE31FF877B819CB5734 BaseClass: NativeClass:/Script/Engine.StaticMeshActor Name:StaticMeshActor_8 Label:SM_ChamferCube3 SpatiallyLoaded:1 Bounds:IsValid=true, Min=(X=257.548 Y=2127.548 Z=0.063), Max=(X=462.452 Y=2332.452 Z=150.063) RuntimeGrid:None EditorOnly:0 RuntimeOnly:0 HLODRelevant:0 FolderPath:SimulatedCubes FolderGuid:9AEEADCB4DC6C647D6E7C0B4EDA1744F
 |   |   |- [+] [ 29]
 |   |   |   |- Guid:0F0F0951487AA992034BD4B645BB198F BaseClass: NativeClass:/Script/Engine.StaticMeshActor Name:StaticMeshActor_UAID_F4CE23B15A25FB6901_1950355230 Label:Box5 SpatiallyLoaded:1 Bounds:IsValid=true, Min=(X=873.353 Y=3334.613 Z=180.143), Max=(X=1676.386 Y=3760.491 Z=527.620) RuntimeGrid:None EditorOnly:0 RuntimeOnly:0 HLODRelevant:0 FolderPath:Road FolderGuid:C0B7D871440F8BAC093547B04E5FAED5
 |   |   |- [+] [ 30]
 |   |   |   |- Guid:A354B1B24E617A525DC6B48CCDE2417E BaseClass: NativeClass:/Script/Engine.PlayerStart Name:PlayerStart_0 Label:PlayerStart SpatiallyLoaded:0 Bounds:IsValid=true, Min=(X=1020.000 Y=-160.000 Z=140.013), Max=(X=1100.000 Y=-80.000 Z=324.013) RuntimeGrid:None EditorOnly:0 RuntimeOnly:0 HLODRelevant:0
 |   |   |- [+] [ 31]
 |   |   |   |- Guid:8494358E41502B676B6D36889A55857C BaseClass: NativeClass:/Script/Engine.StaticMeshActor Name:StaticMeshActor_UAID_F4CE23B15A25FB6901_1733091225 Label:Box2 SpatiallyLoaded:1 Bounds:IsValid=true, Min=(X=1405.549 Y=1103.918 Z=0.000), Max=(X=3114.451 Y=1596.082 Z=30.000) RuntimeGrid:None EditorOnly:0 RuntimeOnly:0 HLODRelevant:0 FolderPath:Road FolderGuid:C0B7D871440F8BAC093547B04E5FAED5
 |   |   |- [+] [ 32]
 |   |   |   |- Guid:AB86CE7D463BB0F52787D68249D88FBA BaseClass: NativeClass:/Script/Engine.StaticMeshActor Name:StaticMeshActor_UAID_F4CE23B15A25FC6901_1217659410 Label:Box9 SpatiallyLoaded:1 Bounds:IsValid=true, Min=(X=2730.000 Y=2710.370 Z=84.641), Max=(X=2930.000 Y=3519.369 Z=403.549) RuntimeGrid:None EditorOnly:0 RuntimeOnly:0 HLODRelevant:0 FolderPath:Road FolderGuid:C0B7D871440F8BAC093547B04E5FAED5
 |   |   |- [+] [ 33]
 |   |   |   |- Guid:A3CFAB964CE067406E3E38B23A984519 BaseClass: NativeClass:/Script/Engine.StaticMeshActor Name:StaticMeshActor_UAID_F4CE23B15A25FF6901_1699327984 Label:Floor Plane5 SpatiallyLoaded:1 Bounds:IsValid=true, Min=(X=4380.000 Y=-2500.000 Z=5.000), Max=(X=6505.000 Y=450.000 Z=630.000) RuntimeGrid:None EditorOnly:0 RuntimeOnly:0 HLODRelevant:1 FolderPath:Playground FolderGuid:6C02BB504B69D1F3D7A624B130C18E5B
 |   |   |- [+] [ 34]
 |   |   |   |- Guid:3EE19E584A87B0C2B982639D42D17ECC BaseClass: NativeClass:/Script/Engine.StaticMeshActor Name:StaticMeshActor_UAID_F4CE23B15A25026A01_1955551518 Label:Floor Plane2 SpatiallyLoaded:1 Bounds:IsValid=true, Min=(X=2950.000 Y=-600.000 Z=-50.000), Max=(X=5950.000 Y=2900.000 Z=0.000) RuntimeGrid:None EditorOnly:0 RuntimeOnly:0 HLODRelevant:1 FolderPath:Playground FolderGuid:6C02BB504B69D1F3D7A624B130C18E5B
 |   |   |- [+] [ 35]
 |   |   |   |- Guid:493E1ED44E31D5424DAD99BFEC64760F BaseClass: NativeClass:/Script/Engine.StaticMeshActor Name:StaticMeshActor_UAID_F4CE23B15A25FC6901_1543289416 Label:Box12 SpatiallyLoaded:1 Bounds:IsValid=true, Min=(X=1645.970 Y=2447.147 Z=0.000), Max=(X=2114.030 Y=2832.853 Z=30.000) RuntimeGrid:None EditorOnly:0 RuntimeOnly:0 HLODRelevant:0 FolderPath:Road FolderGuid:C0B7D871440F8BAC093547B04E5FAED5
 |   |   |- [+] [ 36]
 |   |   |   |- Guid:CE4768924B2AB2542E73398BD7D310FD BaseClass: NativeClass:/Script/Engine.StaticMeshActor Name:StaticMeshActor_UAID_F4CE23B15A25FF6901_1423196981 Label:Boolean6 SpatiallyLoaded:1 Bounds:IsValid=true, Min=(X=3005.672 Y=620.772 Z=392.942), Max=(X=3106.256 Y=720.779 Z=598.620) RuntimeGrid:None EditorOnly:0 RuntimeOnly:0 HLODRelevant:0 FolderPath:Buildings FolderGuid:8BAE5B70479104847B07EDAB47A3EB08
 |   |   |- [+] [ 37]
 |   |   |   |- Guid:28EC110E4077E4CB1B994DBA22822008 BaseClass: NativeClass:/Script/Engine.StaticMeshActor Name:StaticMeshActor_UAID_F4CE23B15A25FE6901_1394124786 Label:Box22 SpatiallyLoaded:1 Bounds:IsValid=true, Min=(X=2711.850 Y=3930.000 Z=461.850), Max=(X=3348.150 Y=4380.000 Z=1098.150) RuntimeGrid:None EditorOnly:0 RuntimeOnly:0 HLODRelevant:0 FolderPath:Buildings FolderGuid:8BAE5B70479104847B07EDAB47A3EB08
 |   |   |- [+] [ 38]
 |   |   |   |- Guid:A1CEC8264BF75F7BDFF1DCBE9562E397 BaseClass: NativeClass:/Script/Engine.StaticMeshActor Name:StaticMeshActor_UAID_F4CE23B15A25FD6901_1398260595 Label:Box14 SpatiallyLoaded:1 Bounds:IsValid=true, Min=(X=3726.267 Y=3372.341 Z=330.000), Max=(X=5133.733 Y=4047.659 Z=360.000) RuntimeGrid:None EditorOnly:0 RuntimeOnly:0 HLODRelevant:0 FolderPath:Road FolderGuid:C0B7D871440F8BAC093547B04E5FAED5
 |   |   |- [+] [ 39]
 |   |   |   |- Guid:221ADA4743B8213B31C2BDA29D9AFA7B BaseClass: NativeClass:/Script/Engine.StaticMeshActor Name:StaticMeshActor_UAID_F4CE23B15A25FD6901_1615135599 Label:Floor Plane3 SpatiallyLoaded:1 Bounds:IsValid=true, Min=(X=2970.000 Y=2860.000 Z=-50.000), Max=(X=5970.000 Y=6360.000 Z=0.000) RuntimeGrid:None EditorOnly:0 RuntimeOnly:0 HLODRelevant:1 FolderPath:Playground FolderGuid:6C02BB504B69D1F3D7A624B130C18E5B
 |   |   |- [+] [ 40]
 |   |   |   |- Guid:C22CE07C4B87D685137FDBBC10FC92C6 BaseClass: NativeClass:/Script/Engine.SkyAtmosphere Name:SkyAtmosphere_0 Label:SkyAtmosphere SpatiallyLoaded:0 Bounds:IsValid=true, Min=(X=0.000 Y=0.000 Z=1020.000), Max=(X=0.000 Y=0.000 Z=1020.000) RuntimeGrid:None EditorOnly:0 RuntimeOnly:0 HLODRelevant:0 FolderPath:Lighting FolderGuid:0BA5F0A04EADB18E70D5B180D08FA34B
 |   |   |- [+] [ 41]
 |   |   |   |- Guid:B9A9BAC14BD46172FDB9E8A176A56463 BaseClass: NativeClass:/Script/Engine.StaticMeshActor Name:StaticMeshActor_UAID_F4CE23B15A25FE6901_1776270788 Label:Box25 SpatiallyLoaded:1 Bounds:IsValid=true, Min=(X=3255.000 Y=3955.000 Z=320.000), Max=(X=3705.000 Y=4405.000 Z=657.500) RuntimeGrid:None EditorOnly:0 RuntimeOnly:0 HLODRelevant:0 FolderPath:Buildings FolderGuid:8BAE5B70479104847B07EDAB47A3EB08
 |   |   |- [+] [ 42]
 |   |   |   |- Guid:C0C56B9644AE3D40CAFF6A878DB29844 BaseClass: NativeClass:/Script/Engine.StaticMeshActor Name:StaticMeshActor_UAID_A4AE111137DC5EFB00_2001720423 Label:SM_SkySphere SpatiallyLoaded:0 Bounds:IsValid=true, Min=(X=-1638400.000 Y=-1638400.000 Z=-1638400.000), Max=(X=1638400.000 Y=1638400.000 Z=1638400.000) RuntimeGrid:None EditorOnly:0 RuntimeOnly:0 HLODRelevant:1 FolderPath:Lighting FolderGuid:0BA5F0A04EADB18E70D5B180D08FA34B
 |   |   |- [+] [ 43]
 |   |   |   |- Guid:6FEFB3BD4EB37B849EF0D4AC80F83855 BaseClass: NativeClass:/Script/Engine.WorldDataLayers Name:WorldDataLayers Label:WorldDataLayers SpatiallyLoaded:0 Bounds:IsValid=true, Min=(X=0.000 Y=0.000 Z=0.000), Max=(X=0.000 Y=0.000 Z=0.000) RuntimeGrid:None EditorOnly:0 RuntimeOnly:0 HLODRelevant:0
 |   |   |- [+] [ 44]
 |   |   |   |- Guid:3B1CC56C4A9024B7C92174B57C360942 BaseClass: NativeClass:/Script/Engine.StaticMeshActor Name:StaticMeshActor_UAID_F4CE23B15A25FF6901_1832859987 Label:Box26 SpatiallyLoaded:1 Bounds:IsValid=true, Min=(X=3939.801 Y=849.940 Z=179.155), Max=(X=4387.563 Y=1296.655 Z=447.243) RuntimeGrid:None EditorOnly:0 RuntimeOnly:0 HLODRelevant:0 FolderPath:Road FolderGuid:C0B7D871440F8BAC093547B04E5FAED5
 |   |   |- [+] [ 45]
 |   |   |   |- Guid:8B5C56EE4160877239CD25AF95AB8B25 BaseClass: NativeClass:/Script/Engine.StaticMeshActor Name:StaticMeshActor_UAID_F4CE23B15A25FC6901_1234264411 Label:Box10 SpatiallyLoaded:1 Bounds:IsValid=true, Min=(X=2289.029 Y=2457.147 Z=4.323), Max=(X=2925.762 Y=2942.853 Z=145.222) RuntimeGrid:None EditorOnly:0 RuntimeOnly:0 HLODRelevant:0 FolderPath:Road FolderGuid:C0B7D871440F8BAC093547B04E5FAED5
 |   |   |- [+] [ 46]
 |   |   |   |- Guid:586AE6464011B96231FA098E98446B3F BaseClass: NativeClass:/Script/Engine.StaticMeshActor Name:StaticMeshActor_UAID_F4CE23B15A25FF6901_1232526979 Label:Cylinder3 SpatiallyLoaded:1 Bounds:IsValid=true, Min=(X=5453.000 Y=-2285.000 Z=1740.000), Max=(X=5623.000 Y=-2115.000 Z=2080.000) RuntimeGrid:None EditorOnly:0 RuntimeOnly:0 HLODRelevant:0
 |   |   |- [+] [ 47]
 |   |   |   |- Guid:CE8D82634660FCDB3120E2B8D547C533 BaseClass: NativeClass:/Script/Engine.PostProcessVolume Name:PostProcessVolume_0 Label:PostProcessVolume SpatiallyLoaded:0 Bounds:IsValid=true, Min=(X=0.000 Y=0.000 Z=400.000), Max=(X=200.000 Y=200.000 Z=600.000) RuntimeGrid:None EditorOnly:0 RuntimeOnly:0 HLODRelevant:0 FolderPath:Lighting FolderGuid:0BA5F0A04EADB18E70D5B180D08FA34B
 |   |   |- [+] [ 48]
 |   |   |   |- Guid:90EE919640FC7B7B6BCCFD92C765EB05 BaseClass: NativeClass:/Script/Engine.StaticMeshActor Name:StaticMeshActor_UAID_F4CE23B15A25FF6901_1430059982 Label:Boolean3 SpatiallyLoaded:1 Bounds:IsValid=true, Min=(X=5427.500 Y=-2325.000 Z=630.000), Max=(X=5652.500 Y=-2075.000 Z=1580.000) RuntimeGrid:None EditorOnly:0 RuntimeOnly:0 HLODRelevant:0 FolderPath:Buildings FolderGuid:8BAE5B70479104847B07EDAB47A3EB08
 |   |   |- [+] [ 49]
 |   |   |   |- Guid:C8C4852E439C3F3A711472974CDFCB54 BaseClass: NativeClass:/Script/Engine.StaticMeshActor Name:StaticMeshActor_UAID_F4CE23B15A25036A01_1316811623 Label:Box28 SpatiallyLoaded:1 Bounds:IsValid=true, Min=(X=4159.801 Y=649.940 Z=329.155), Max=(X=4607.563 Y=1096.655 Z=597.243) RuntimeGrid:None EditorOnly:0 RuntimeOnly:0 HLODRelevant:0 FolderPath:Road FolderGuid:C0B7D871440F8BAC093547B04E5FAED5
 |   |   |- [+] [ 50]
 |   |   |   |- Guid:CE76AC6E4094EC097AD27C95E9071090 BaseClass: NativeClass:/Script/Engine.StaticMeshActor Name:StaticMeshActor_UAID_F4CE23B15A25036A01_1335205624 Label:Box29 SpatiallyLoaded:1 Bounds:IsValid=true, Min=(X=4442.872 Y=517.893 Z=531.110), Max=(X=4744.492 Y=828.703 Z=695.288) RuntimeGrid:None EditorOnly:0 RuntimeOnly:0 HLODRelevant:0 FolderPath:Road FolderGuid:C0B7D871440F8BAC093547B04E5FAED5
 |   |   |- [+] [ 51]
 |   |   |   |- Guid:133B351B4327C0C2C6D3D890A656B9EA BaseClass: NativeClass:/Script/Engine.StaticMeshActor Name:StaticMeshActor_UAID_F4CE23B15A25036A01_1391395625 Label:Box30 SpatiallyLoaded:1 Bounds:IsValid=true, Min=(X=4593.047 Y=339.966 Z=640.000), Max=(X=4906.953 Y=660.034 Z=670.000) RuntimeGrid:None EditorOnly:0 RuntimeOnly:0 HLODRelevant:0 FolderPath:Road FolderGuid:C0B7D871440F8BAC093547B04E5FAED5
 |- ContainerInstances:
 |- [+] MainContainer:
 |   |-        ID: 0x0000000000000000
 |   |-    Bounds: IsValid=false, Min=(X=0.000 Y=0.000 Z=0.000), Max=(X=0.000 Y=0.000 Z=0.000)
 |   |- Transform: 0.000000,0.000000,0.000000|0.000000,0.000000,-0.000000|1.000000,1.000000,1.000000
 |   |- Container: /Game/FirstPerson/Maps/FirstPersonMap
----------------------------------------------------------------------------------------------------------------
FirstPersonMap - Persistent Level
----------------------------------------------------------------------------------------------------------------
Always loaded Actor Count: 59 

----------------------------------------------------------------------------------------------------------------
FirstPersonMap - Runtime Spatial Hash - Streaming Grid - MainGrid
----------------------------------------------------------------------------------------------------------------
            Origin: X=0.000 Y=0.000 Z=0.000
         Cell Size: 12800
      World Bounds: IsValid=false, Min=(X=0.000 Y=0.000 Z=0.000), Max=(X=0.000 Y=0.000 Z=0.000)
     Loading Range: 25600.00
Block Slow Loading: No
 ClientOnlyVisible: No

[+] Grid Levels: 1
 |- Level  0: Cell Count    0 | Cell Size   12800 | Actor Count    0 (0.0%)

[+] Content of Grid Level 0

